This file contains any messages produced by compilers while
running configure, to aid debugging if configure makes a mistake.

It was created by libebpfflow configure 1.0.1, which was
generated by GNU Autoconf 2.69.  Invocation command line was

  $ ./configure 

## --------- ##
## Platform. ##
## --------- ##

hostname = clean-VirtualBox
uname -m = x86_64
uname -r = 4.18.0-13-generic
uname -s = Linux
uname -v = #14-Ubuntu SMP Wed Dec 5 09:04:24 UTC 2018

/usr/bin/uname -p = unknown
/bin/uname -X     = unknown

/bin/arch              = unknown
/usr/bin/arch -k       = unknown
/usr/convex/getsysinfo = unknown
/usr/bin/hostinfo      = unknown
/bin/machine           = unknown
/usr/bin/oslevel       = unknown
/bin/universe          = unknown

PATH: /home/clean/.local/bin
PATH: /usr/local/sbin
PATH: /usr/local/bin
PATH: /usr/sbin
PATH: /usr/bin
PATH: /sbin
PATH: /bin
PATH: /usr/games
PATH: /usr/local/games
PATH: /snap/bin
PATH: /usr/local/go/bin
PATH: /usr/local/go/bin


## ----------- ##
## Core tests. ##
## ----------- ##

configure:1916: checking for gcc
configure:1932: found /usr/bin/gcc
configure:1943: result: gcc
configure:2172: checking for C compiler version
configure:2181: gcc --version >&5
gcc (Ubuntu 8.2.0-7ubuntu1) 8.2.0
Copyright (C) 2018 Free Software Foundation, Inc.
This is free software; see the source for copying conditions.  There is NO
warranty; not even for MERCHANTABILITY or FITNESS FOR A PARTICULAR PURPOSE.

configure:2192: $? = 0
configure:2181: gcc -v >&5
Using built-in specs.
COLLECT_GCC=gcc
COLLECT_LTO_WRAPPER=/usr/lib/gcc/x86_64-linux-gnu/8/lto-wrapper
OFFLOAD_TARGET_NAMES=nvptx-none
OFFLOAD_TARGET_DEFAULT=1
Target: x86_64-linux-gnu
Configured with: ../src/configure -v --with-pkgversion='Ubuntu 8.2.0-7ubuntu1' --with-bugurl=file:///usr/share/doc/gcc-8/README.Bugs --enable-languages=c,ada,c++,go,brig,d,fortran,objc,obj-c++ --prefix=/usr --with-gcc-major-version-only --program-suffix=-8 --program-prefix=x86_64-linux-gnu- --enable-shared --enable-linker-build-id --libexecdir=/usr/lib --without-included-gettext --enable-threads=posix --libdir=/usr/lib --enable-nls --with-sysroot=/ --enable-clocale=gnu --enable-libstdcxx-debug --enable-libstdcxx-time=yes --with-default-libstdcxx-abi=new --enable-gnu-unique-object --disable-vtable-verify --enable-libmpx --enable-plugin --enable-default-pie --with-system-zlib --with-target-system-zlib --enable-objc-gc=auto --enable-multiarch --disable-werror --with-arch-32=i686 --with-abi=m64 --with-multilib-list=m32,m64,mx32 --enable-multilib --with-tune=generic --enable-offload-targets=nvptx-none --without-cuda-driver --enable-checking=release --build=x86_64-linux-gnu --host=x86_64-linux-gnu --target=x86_64-linux-gnu
Thread model: posix
gcc version 8.2.0 (Ubuntu 8.2.0-7ubuntu1) 
configure:2192: $? = 0
configure:2181: gcc -V >&5
gcc: error: unrecognized command line option '-V'
gcc: fatal error: no input files
compilation terminated.
configure:2192: $? = 1
configure:2181: gcc -qversion >&5
gcc: error: unrecognized command line option '-qversion'; did you mean '--version'?
gcc: fatal error: no input files
compilation terminated.
configure:2192: $? = 1
configure:2212: checking whether the C compiler works
configure:2234: gcc    conftest.c  >&5
configure:2238: $? = 0
configure:2286: result: yes
configure:2289: checking for C compiler default output file name
configure:2291: result: a.out
configure:2297: checking for suffix of executables
configure:2304: gcc -o conftest    conftest.c  >&5
configure:2308: $? = 0
configure:2330: result: 
configure:2352: checking whether we are cross compiling
configure:2360: gcc -o conftest    conftest.c  >&5
configure:2364: $? = 0
configure:2371: ./conftest
configure:2375: $? = 0
configure:2390: result: no
configure:2395: checking for suffix of object files
configure:2417: gcc -c   conftest.c >&5
configure:2421: $? = 0
configure:2442: result: o
configure:2446: checking whether we are using the GNU C compiler
configure:2465: gcc -c   conftest.c >&5
configure:2465: $? = 0
configure:2474: result: yes
configure:2483: checking whether gcc accepts -g
configure:2503: gcc -c -g  conftest.c >&5
configure:2503: $? = 0
configure:2544: result: yes
configure:2561: checking for gcc option to accept ISO C89
configure:2624: gcc  -c -g -O2  conftest.c >&5
configure:2624: $? = 0
configure:2637: result: none needed
configure:2662: checking how to run the C preprocessor
configure:2693: gcc -E  conftest.c
configure:2693: $? = 0
configure:2707: gcc -E  conftest.c
conftest.c:9:10: fatal error: ac_nonexistent.h: No such file or directory
 #include <ac_nonexistent.h>
          ^~~~~~~~~~~~~~~~~~
compilation terminated.
configure:2707: $? = 1
configure: failed program was:
| /* confdefs.h */
| #define PACKAGE_NAME "libebpfflow"
| #define PACKAGE_TARNAME "libebpfflow"
| #define PACKAGE_VERSION "1.0.1"
| #define PACKAGE_STRING "libebpfflow 1.0.1"
| #define PACKAGE_BUGREPORT ""
| #define PACKAGE_URL ""
| /* end confdefs.h.  */
| #include <ac_nonexistent.h>
configure:2732: result: gcc -E
configure:2752: gcc -E  conftest.c
configure:2752: $? = 0
configure:2766: gcc -E  conftest.c
conftest.c:9:10: fatal error: ac_nonexistent.h: No such file or directory
 #include <ac_nonexistent.h>
          ^~~~~~~~~~~~~~~~~~
compilation terminated.
configure:2766: $? = 1
configure: failed program was:
| /* confdefs.h */
| #define PACKAGE_NAME "libebpfflow"
| #define PACKAGE_TARNAME "libebpfflow"
| #define PACKAGE_VERSION "1.0.1"
| #define PACKAGE_STRING "libebpfflow 1.0.1"
| #define PACKAGE_BUGREPORT ""
| #define PACKAGE_URL ""
| /* end confdefs.h.  */
| #include <ac_nonexistent.h>
configure:2852: checking for g++
configure:2868: found /usr/bin/g++
configure:2879: result: g++
configure:2906: checking for C++ compiler version
configure:2915: g++ --version >&5
g++ (Ubuntu 8.2.0-7ubuntu1) 8.2.0
Copyright (C) 2018 Free Software Foundation, Inc.
This is free software; see the source for copying conditions.  There is NO
warranty; not even for MERCHANTABILITY or FITNESS FOR A PARTICULAR PURPOSE.

configure:2926: $? = 0
configure:2915: g++ -v >&5
Using built-in specs.
COLLECT_GCC=g++
COLLECT_LTO_WRAPPER=/usr/lib/gcc/x86_64-linux-gnu/8/lto-wrapper
OFFLOAD_TARGET_NAMES=nvptx-none
OFFLOAD_TARGET_DEFAULT=1
Target: x86_64-linux-gnu
Configured with: ../src/configure -v --with-pkgversion='Ubuntu 8.2.0-7ubuntu1' --with-bugurl=file:///usr/share/doc/gcc-8/README.Bugs --enable-languages=c,ada,c++,go,brig,d,fortran,objc,obj-c++ --prefix=/usr --with-gcc-major-version-only --program-suffix=-8 --program-prefix=x86_64-linux-gnu- --enable-shared --enable-linker-build-id --libexecdir=/usr/lib --without-included-gettext --enable-threads=posix --libdir=/usr/lib --enable-nls --with-sysroot=/ --enable-clocale=gnu --enable-libstdcxx-debug --enable-libstdcxx-time=yes --with-default-libstdcxx-abi=new --enable-gnu-unique-object --disable-vtable-verify --enable-libmpx --enable-plugin --enable-default-pie --with-system-zlib --with-target-system-zlib --enable-objc-gc=auto --enable-multiarch --disable-werror --with-arch-32=i686 --with-abi=m64 --with-multilib-list=m32,m64,mx32 --enable-multilib --with-tune=generic --enable-offload-targets=nvptx-none --without-cuda-driver --enable-checking=release --build=x86_64-linux-gnu --host=x86_64-linux-gnu --target=x86_64-linux-gnu
Thread model: posix
gcc version 8.2.0 (Ubuntu 8.2.0-7ubuntu1) 
configure:2926: $? = 0
configure:2915: g++ -V >&5
g++: error: unrecognized command line option '-V'
g++: fatal error: no input files
compilation terminated.
configure:2926: $? = 1
configure:2915: g++ -qversion >&5
g++: error: unrecognized command line option '-qversion'; did you mean '--version'?
g++: fatal error: no input files
compilation terminated.
configure:2926: $? = 1
configure:2930: checking whether we are using the GNU C++ compiler
configure:2949: g++ -c   conftest.cpp >&5
configure:2949: $? = 0
configure:2958: result: yes
configure:2967: checking whether g++ accepts -g
configure:2987: g++ -c -g  conftest.cpp >&5
configure:2987: $? = 0
configure:3028: result: yes
configure:3052: checking eBPF library new API version
configure:3073: gcc -o conftest -g -O2   conftest.c  >&5
conftest.c: In function 'main':
conftest.c:13:7: error: expected expression before ':' token
  ebpf::BPF *bpf;
       ^
conftest.c:14:3: error: 'bpf' undeclared (first use in this function); did you mean 'ebpf'?
   bpf->attach_kprobe((const char*)"", NULL, 0, 0:
   ^~~
   ebpf
conftest.c:14:3: note: each undeclared identifier is reported only once for each function it appears in
conftest.c:14:49: error: expected ')' before ':' token
   bpf->attach_kprobe((const char*)"", NULL, 0, 0:
                                                 ^
                                                 )
conftest.c:15:18: error: expected ';' before '}' token
         return 0;
                  ^
                  ;
 }
 ~                 
configure:3073: $? = 1
configure: program exited with status 1
configure: failed program was:
| /* confdefs.h */
| #define PACKAGE_NAME "libebpfflow"
| #define PACKAGE_TARNAME "libebpfflow"
| #define PACKAGE_VERSION "1.0.1"
| #define PACKAGE_STRING "libebpfflow 1.0.1"
| #define PACKAGE_BUGREPORT ""
| #define PACKAGE_URL ""
| /* end confdefs.h.  */
| 
| #include <pthread.h>
| 
| int main() {
| 	ebpf::BPF *bpf;
|  	bpf->attach_kprobe((const char*)"", NULL, 0, 0:
|         return 0;
| }
| 
configure:3081: result: no
configure:3210: creating ./config.status

## ---------------------- ##
## Running config.status. ##
## ---------------------- ##

This file was extended by libebpfflow config.status 1.0.1, which was
generated by GNU Autoconf 2.69.  Invocation command line was

  CONFIG_FILES    = 
  CONFIG_HEADERS  = 
  CONFIG_LINKS    = 
  CONFIG_COMMANDS = 
  $ ./config.status 

on clean-VirtualBox

config.status:790: creating Makefile
config.status:790: creating config.h

## ---------------- ##
## Cache variables. ##
## ---------------- ##

ac_cv_c_compiler_gnu=yes
ac_cv_cxx_compiler_gnu=yes
ac_cv_env_CCC_set=
ac_cv_env_CCC_value=
ac_cv_env_CC_set=
ac_cv_env_CC_value=
ac_cv_env_CFLAGS_set=
ac_cv_env_CFLAGS_value=
ac_cv_env_CPPFLAGS_set=
ac_cv_env_CPPFLAGS_value=
ac_cv_env_CPP_set=
ac_cv_env_CPP_value=
ac_cv_env_CXXFLAGS_set=
ac_cv_env_CXXFLAGS_value=
ac_cv_env_CXX_set=
ac_cv_env_CXX_value=
ac_cv_env_LDFLAGS_set=
ac_cv_env_LDFLAGS_value=
ac_cv_env_LIBS_set=
ac_cv_env_LIBS_value=
ac_cv_env_build_alias_set=
ac_cv_env_build_alias_value=
ac_cv_env_host_alias_set=
ac_cv_env_host_alias_value=
ac_cv_env_target_alias_set=
ac_cv_env_target_alias_value=
ac_cv_objext=o
ac_cv_prog_CPP='gcc -E'
ac_cv_prog_ac_ct_CC=gcc
ac_cv_prog_ac_ct_CXX=g++
ac_cv_prog_cc_c89=
ac_cv_prog_cc_g=yes
ac_cv_prog_cxx_g=yes

## ----------------- ##
## Output variables. ##
## ----------------- ##

CC='gcc'
CFLAGS='-g -O2'
CPP='gcc -E'
CPPFLAGS=''
CXX='g++'
CXXFLAGS='-g -O2'
DEFS='-DHAVE_CONFIG_H'
EBPF_LIBRARY_VERSION=''
ECHO_C=''
ECHO_N='-n'
ECHO_T=''
EXEEXT=''
LDFLAGS=''
LIBOBJS=''
LIBS=''
LTLIBOBJS=''
OBJEXT='o'
PACKAGE_BUGREPORT=''
PACKAGE_NAME='libebpfflow'
PACKAGE_STRING='libebpfflow 1.0.1'
PACKAGE_TARNAME='libebpfflow'
PACKAGE_URL=''
PACKAGE_VERSION='1.0.1'
PATH_SEPARATOR=':'
SHELL='/bin/bash'
ac_ct_CC='gcc'
ac_ct_CXX='g++'
bindir='${exec_prefix}/bin'
build_alias=''
datadir='${datarootdir}'
datarootdir='${prefix}/share'
docdir='${datarootdir}/doc/${PACKAGE_TARNAME}'
dvidir='${docdir}'
exec_prefix='${prefix}'
host_alias=''
htmldir='${docdir}'
includedir='${prefix}/include'
infodir='${datarootdir}/info'
libdir='${exec_prefix}/lib'
libexecdir='${exec_prefix}/libexec'
localedir='${datarootdir}/locale'
localstatedir='${prefix}/var'
mandir='${datarootdir}/man'
oldincludedir='/usr/include'
pdfdir='${docdir}'
prefix='/usr/local'
program_transform_name='s,x,x,'
psdir='${docdir}'
runstatedir='${localstatedir}/run'
sbindir='${exec_prefix}/sbin'
sharedstatedir='${prefix}/com'
sysconfdir='${prefix}/etc'
target_alias=''

## ----------- ##
## confdefs.h. ##
## ----------- ##

/* confdefs.h */
#define PACKAGE_NAME "libebpfflow"
#define PACKAGE_TARNAME "libebpfflow"
#define PACKAGE_VERSION "1.0.1"
#define PACKAGE_STRING "libebpfflow 1.0.1"
#define PACKAGE_BUGREPORT ""
#define PACKAGE_URL ""

configure: exit 0
